<?xml version="1.0" encoding="UTF-8"?>
<!-- Generated by org.testng.reporters.JUnitXMLReporter -->
<testsuite ignored="0" hostname="DIKANUMU-M-RYF9" failures="0" tests="3" name="HomePageTest3" time="59.149" errors="0" timestamp="2024-11-08T17:24:13 IST">
  <testcase classname="com.example.spring.selenium.HomePageTest3" name="addItems" time="30.536"/>
  <testcase classname="com.example.spring.selenium.HomePageTest3" name="checkoutCart" time="7.218"/>
  <testcase classname="com.example.spring.selenium.HomePageTest3" name="completeOrder" time="1.503"/>
</testsuite> <!-- HomePageTest3 -->
