<?xml version="1.0" encoding="UTF-8"?>
<!-- Generated by org.testng.reporters.JUnitXMLReporter -->
<testsuite ignored="0" hostname="DIKANUMU-M-RYF9" failures="0" tests="3" name="HomePageTest3" time="66.77" errors="0" timestamp="2024-11-14T10:15:46 IST">
  <testcase classname="com.example.spring.selenium.HomePageTest3" name="addItems" time="32.877"/>
  <testcase classname="com.example.spring.selenium.HomePageTest3" name="checkoutCart" time="7.336"/>
  <testcase classname="com.example.spring.selenium.HomePageTest3" name="completeOrder" time="1.638"/>
</testsuite> <!-- HomePageTest3 -->
