<?xml version="1.0" encoding="UTF-8"?>
<!-- Generated by org.testng.reporters.JUnitXMLReporter -->
<testsuite ignored="2" hostname="DIKANUMU-M-RYF9" failures="0" tests="6" name="Test" time="50.281" errors="0" timestamp="2024-11-05T16:33:09 IST">
  <testcase classname="com.example.spring.selenium.HomePageTest3" name="addItems" time="25.578"/>
  <testcase classname="com.example.spring.selenium.HomePageTest" name="addItems" time="27.02"/>
  <testcase classname="com.example.spring.selenium.HomePageTest2" name="itemsTest" time="27.893"/>
  <testcase classname="com.example.spring.selenium.HomePageTest3" name="checkoutCart" time="6.932"/>
  <testcase classname="com.example.spring.selenium.HomePageTest" name="checkoutCart" time="6.682"/>
  <testcase classname="com.example.spring.selenium.HomePageTest3" name="completeOrder" time="1.441"/>
  <testcase classname="com.example.spring.selenium.SpringBaseTestNGTest" name="@AfterSuite flushReports" time="0.0">
    <ignored/>
  </testcase> <!-- @AfterSuite flushReports -->
  <testcase classname="com.example.spring.selenium.SpringBaseTestNGTest" name="@AfterSuite flushReports" time="0.0">
    <ignored/>
  </testcase> <!-- @AfterSuite flushReports -->
</testsuite> <!-- Test -->
