<?xml version="1.0" encoding="UTF-8"?>
<testng-results ignored="0" total="7" passed="7" failed="0" skipped="0">
  <reporter-output>
  </reporter-output>
  <suite started-at="2024-11-08T17:23:14 IST" name="Suite" finished-at="2024-11-08T17:24:14 IST" duration-ms="59524">
    <groups>
    </groups>
    <test started-at="2024-11-08T17:23:14 IST" name="TopDealsTest" finished-at="2024-11-08T17:23:44 IST" duration-ms="29736">
      <class name="com.example.spring.selenium.TopDealsTest">
        <test-method is-config="true" signature="springTestContextBeforeTestClass()[pri:0, instance:com.example.spring.selenium.TopDealsTest@315f43d5]" started-at="2024-11-08T17:23:14 IST" name="springTestContextBeforeTestClass" finished-at="2024-11-08T17:23:14 IST" duration-ms="6" status="PASS">
          <reporter-output>
          </reporter-output>
        </test-method> <!-- springTestContextBeforeTestClass -->
        <test-method is-config="true" signature="springTestContextPrepareTestInstance()[pri:0, instance:com.example.spring.selenium.TopDealsTest@315f43d5]" started-at="2024-11-08T17:23:14 IST" name="springTestContextPrepareTestInstance" finished-at="2024-11-08T17:23:15 IST" depends-on-methods="org.springframework.test.context.testng.AbstractTestNGSpringContextTests.springTestContextBeforeTestClass" duration-ms="1278" status="PASS">
          <reporter-output>
          </reporter-output>
        </test-method> <!-- springTestContextPrepareTestInstance -->
        <test-method is-config="true" signature="setup(org.testng.ITestContext)[pri:0, instance:com.example.spring.selenium.TopDealsTest@315f43d5]" started-at="2024-11-08T17:23:15 IST" name="setup" finished-at="2024-11-08T17:23:31 IST" duration-ms="15937" status="PASS">
          <params>
            <param index="0">
              <value>
                <![CDATA[org.testng.TestRunner@7b02e036]]>
              </value>
            </param>
          </params>
          <reporter-output>
          </reporter-output>
        </test-method> <!-- setup -->
        <test-method is-config="true" signature="springTestContextBeforeTestMethod(java.lang.reflect.Method)[pri:0, instance:com.example.spring.selenium.TopDealsTest@315f43d5]" started-at="2024-11-08T17:23:31 IST" name="springTestContextBeforeTestMethod" finished-at="2024-11-08T17:23:32 IST" duration-ms="404" status="PASS">
          <params>
            <param index="0">
              <value>
                <![CDATA[public void com.example.spring.selenium.TopDealsTest.verifyPriceandDiscountedPrice()]]>
              </value>
            </param>
          </params>
          <reporter-output>
          </reporter-output>
        </test-method> <!-- springTestContextBeforeTestMethod -->
        <test-method signature="verifyPriceandDiscountedPrice()[pri:0, instance:com.example.spring.selenium.TopDealsTest@315f43d5]" started-at="2024-11-08T17:23:32 IST" name="verifyPriceandDiscountedPrice" finished-at="2024-11-08T17:23:44 IST" duration-ms="11929" status="PASS">
          <reporter-output>
          </reporter-output>
        </test-method> <!-- verifyPriceandDiscountedPrice -->
        <test-method is-config="true" signature="tearDown(org.testng.ITestResult)[pri:0, instance:com.example.spring.selenium.TopDealsTest@315f43d5]" started-at="2024-11-08T17:23:44 IST" name="tearDown" finished-at="2024-11-08T17:23:44 IST" duration-ms="1" status="PASS">
          <params>
            <param index="0">
              <value>
                <![CDATA[[TestResult name=verifyPriceandDiscountedPrice status=SUCCESS method=TopDealsTest.verifyPriceandDiscountedPrice()[pri:0, instance:com.example.spring.selenium.TopDealsTest@315f43d5] output={null}]]]>
              </value>
            </param>
          </params>
          <reporter-output>
          </reporter-output>
        </test-method> <!-- tearDown -->
        <test-method is-config="true" signature="springTestContextAfterTestMethod(java.lang.reflect.Method)[pri:0, instance:com.example.spring.selenium.TopDealsTest@315f43d5]" started-at="2024-11-08T17:23:44 IST" name="springTestContextAfterTestMethod" finished-at="2024-11-08T17:23:44 IST" duration-ms="6" status="PASS">
          <params>
            <param index="0">
              <value>
                <![CDATA[public void com.example.spring.selenium.TopDealsTest.verifyPriceandDiscountedPrice()]]>
              </value>
            </param>
          </params>
          <reporter-output>
          </reporter-output>
        </test-method> <!-- springTestContextAfterTestMethod -->
        <test-method is-config="true" signature="springTestContextAfterTestClass()[pri:0, instance:com.example.spring.selenium.TopDealsTest@315f43d5]" started-at="2024-11-08T17:23:44 IST" name="springTestContextAfterTestClass" finished-at="2024-11-08T17:23:44 IST" duration-ms="2" status="PASS">
          <reporter-output>
          </reporter-output>
        </test-method> <!-- springTestContextAfterTestClass -->
        <test-method is-config="true" signature="tearDown()[pri:0, instance:com.example.spring.selenium.TopDealsTest@315f43d5]" started-at="2024-11-08T17:23:44 IST" name="tearDown" finished-at="2024-11-08T17:23:44 IST" duration-ms="150" status="PASS">
          <reporter-output>
          </reporter-output>
        </test-method> <!-- tearDown -->
        <test-method is-config="true" signature="flushReports()[pri:0, instance:com.example.spring.selenium.TopDealsTest@315f43d5]" started-at="2024-11-08T17:24:14 IST" name="flushReports" finished-at="2024-11-08T17:24:14 IST" duration-ms="142" status="PASS">
          <reporter-output>
          </reporter-output>
        </test-method> <!-- flushReports -->
      </class> <!-- com.example.spring.selenium.TopDealsTest -->
    </test> <!-- TopDealsTest -->
    <test started-at="2024-11-08T17:23:14 IST" name="HomePageTest2" finished-at="2024-11-08T17:24:03 IST" duration-ms="48812">
      <class name="com.example.spring.selenium.HomePageTest2">
        <test-method is-config="true" signature="springTestContextBeforeTestClass()[pri:0, instance:com.example.spring.selenium.HomePageTest2@235a0c16]" started-at="2024-11-08T17:23:14 IST" name="springTestContextBeforeTestClass" finished-at="2024-11-08T17:23:14 IST" duration-ms="6" status="PASS">
          <reporter-output>
          </reporter-output>
        </test-method> <!-- springTestContextBeforeTestClass -->
        <test-method is-config="true" signature="springTestContextPrepareTestInstance()[pri:0, instance:com.example.spring.selenium.HomePageTest2@235a0c16]" started-at="2024-11-08T17:23:14 IST" name="springTestContextPrepareTestInstance" finished-at="2024-11-08T17:23:15 IST" depends-on-methods="org.springframework.test.context.testng.AbstractTestNGSpringContextTests.springTestContextBeforeTestClass" duration-ms="1264" status="PASS">
          <reporter-output>
          </reporter-output>
        </test-method> <!-- springTestContextPrepareTestInstance -->
        <test-method is-config="true" signature="setup(org.testng.ITestContext)[pri:0, instance:com.example.spring.selenium.HomePageTest2@235a0c16]" started-at="2024-11-08T17:23:15 IST" name="setup" finished-at="2024-11-08T17:23:33 IST" duration-ms="17360" status="PASS">
          <params>
            <param index="0">
              <value>
                <![CDATA[org.testng.TestRunner@315df4bb]]>
              </value>
            </param>
          </params>
          <reporter-output>
          </reporter-output>
        </test-method> <!-- setup -->
        <test-method is-config="true" signature="springTestContextBeforeTestMethod(java.lang.reflect.Method)[pri:0, instance:com.example.spring.selenium.HomePageTest2@235a0c16]" started-at="2024-11-08T17:23:33 IST" name="springTestContextBeforeTestMethod" finished-at="2024-11-08T17:23:33 IST" duration-ms="1" status="PASS">
          <params>
            <param index="0">
              <value>
                <![CDATA[public void com.example.spring.selenium.HomePageTest2.itemsTest() throws java.lang.NoSuchMethodException,java.lang.SecurityException]]>
              </value>
            </param>
          </params>
          <reporter-output>
          </reporter-output>
        </test-method> <!-- springTestContextBeforeTestMethod -->
        <test-method signature="itemsTest()[pri:0, instance:com.example.spring.selenium.HomePageTest2@235a0c16]" started-at="2024-11-08T17:23:33 IST" name="itemsTest" finished-at="2024-11-08T17:24:03 IST" duration-ms="30067" status="PASS">
          <reporter-output>
          </reporter-output>
        </test-method> <!-- itemsTest -->
        <test-method is-config="true" signature="springTestContextAfterTestMethod(java.lang.reflect.Method)[pri:0, instance:com.example.spring.selenium.HomePageTest2@235a0c16]" started-at="2024-11-08T17:24:03 IST" name="springTestContextAfterTestMethod" finished-at="2024-11-08T17:24:03 IST" duration-ms="1" status="PASS">
          <params>
            <param index="0">
              <value>
                <![CDATA[public void com.example.spring.selenium.HomePageTest2.itemsTest() throws java.lang.NoSuchMethodException,java.lang.SecurityException]]>
              </value>
            </param>
          </params>
          <reporter-output>
          </reporter-output>
        </test-method> <!-- springTestContextAfterTestMethod -->
        <test-method is-config="true" signature="tearDown(org.testng.ITestResult)[pri:0, instance:com.example.spring.selenium.HomePageTest2@235a0c16]" started-at="2024-11-08T17:24:03 IST" name="tearDown" finished-at="2024-11-08T17:24:03 IST" duration-ms="0" status="PASS">
          <params>
            <param index="0">
              <value>
                <![CDATA[[TestResult name=itemsTest status=SUCCESS method=HomePageTest2.itemsTest()[pri:0, instance:com.example.spring.selenium.HomePageTest2@235a0c16] output={null}]]]>
              </value>
            </param>
          </params>
          <reporter-output>
          </reporter-output>
        </test-method> <!-- tearDown -->
        <test-method is-config="true" signature="springTestContextAfterTestClass()[pri:0, instance:com.example.spring.selenium.HomePageTest2@235a0c16]" started-at="2024-11-08T17:24:03 IST" name="springTestContextAfterTestClass" finished-at="2024-11-08T17:24:03 IST" duration-ms="0" status="PASS">
          <reporter-output>
          </reporter-output>
        </test-method> <!-- springTestContextAfterTestClass -->
        <test-method is-config="true" signature="tearDown()[pri:0, instance:com.example.spring.selenium.HomePageTest2@235a0c16]" started-at="2024-11-08T17:24:03 IST" name="tearDown" finished-at="2024-11-08T17:24:03 IST" duration-ms="99" status="PASS">
          <reporter-output>
          </reporter-output>
        </test-method> <!-- tearDown -->
      </class> <!-- com.example.spring.selenium.HomePageTest2 -->
    </test> <!-- HomePageTest2 -->
    <test started-at="2024-11-08T17:23:14 IST" name="HomePageTest3" finished-at="2024-11-08T17:24:13 IST" duration-ms="59149">
      <class name="com.example.spring.selenium.HomePageTest3">
        <test-method is-config="true" signature="springTestContextBeforeTestClass()[pri:0, instance:com.example.spring.selenium.HomePageTest3@6b7906b3]" started-at="2024-11-08T17:23:14 IST" name="springTestContextBeforeTestClass" finished-at="2024-11-08T17:23:14 IST" duration-ms="6" status="PASS">
          <reporter-output>
          </reporter-output>
        </test-method> <!-- springTestContextBeforeTestClass -->
        <test-method is-config="true" signature="springTestContextPrepareTestInstance()[pri:0, instance:com.example.spring.selenium.HomePageTest3@6b7906b3]" started-at="2024-11-08T17:23:14 IST" name="springTestContextPrepareTestInstance" finished-at="2024-11-08T17:23:15 IST" depends-on-methods="org.springframework.test.context.testng.AbstractTestNGSpringContextTests.springTestContextBeforeTestClass" duration-ms="1268" status="PASS">
          <reporter-output>
          </reporter-output>
        </test-method> <!-- springTestContextPrepareTestInstance -->
        <test-method is-config="true" signature="setup(org.testng.ITestContext)[pri:0, instance:com.example.spring.selenium.HomePageTest3@6b7906b3]" started-at="2024-11-08T17:23:15 IST" name="setup" finished-at="2024-11-08T17:23:33 IST" duration-ms="17556" status="PASS">
          <params>
            <param index="0">
              <value>
                <![CDATA[org.testng.TestRunner@5cad8b7d]]>
              </value>
            </param>
          </params>
          <reporter-output>
          </reporter-output>
        </test-method> <!-- setup -->
        <test-method is-config="true" signature="springTestContextBeforeTestMethod(java.lang.reflect.Method)[pri:0, instance:com.example.spring.selenium.HomePageTest3@6b7906b3]" started-at="2024-11-08T17:23:33 IST" name="springTestContextBeforeTestMethod" finished-at="2024-11-08T17:23:33 IST" duration-ms="1" status="PASS">
          <params>
            <param index="0">
              <value>
                <![CDATA[public void com.example.spring.selenium.HomePageTest3.addItems()]]>
              </value>
            </param>
          </params>
          <reporter-output>
          </reporter-output>
        </test-method> <!-- springTestContextBeforeTestMethod -->
        <test-method signature="addItems()[pri:1, instance:com.example.spring.selenium.HomePageTest3@6b7906b3]" started-at="2024-11-08T17:23:33 IST" name="addItems" finished-at="2024-11-08T17:24:03 IST" duration-ms="30536" status="PASS">
          <reporter-output>
          </reporter-output>
        </test-method> <!-- addItems -->
        <test-method is-config="true" signature="tearDown(org.testng.ITestResult)[pri:0, instance:com.example.spring.selenium.HomePageTest3@6b7906b3]" started-at="2024-11-08T17:24:03 IST" name="tearDown" finished-at="2024-11-08T17:24:03 IST" duration-ms="1" status="PASS">
          <params>
            <param index="0">
              <value>
                <![CDATA[[TestResult name=addItems status=SUCCESS method=HomePageTest3.addItems()[pri:1, instance:com.example.spring.selenium.HomePageTest3@6b7906b3] output={null}]]]>
              </value>
            </param>
          </params>
          <reporter-output>
          </reporter-output>
        </test-method> <!-- tearDown -->
        <test-method is-config="true" signature="springTestContextAfterTestMethod(java.lang.reflect.Method)[pri:0, instance:com.example.spring.selenium.HomePageTest3@6b7906b3]" started-at="2024-11-08T17:24:03 IST" name="springTestContextAfterTestMethod" finished-at="2024-11-08T17:24:03 IST" duration-ms="0" status="PASS">
          <params>
            <param index="0">
              <value>
                <![CDATA[public void com.example.spring.selenium.HomePageTest3.addItems()]]>
              </value>
            </param>
          </params>
          <reporter-output>
          </reporter-output>
        </test-method> <!-- springTestContextAfterTestMethod -->
        <test-method signature="checkoutCart()[pri:2, instance:com.example.spring.selenium.HomePageTest3@6b7906b3]" started-at="2024-11-08T17:24:03 IST" name="checkoutCart" finished-at="2024-11-08T17:24:11 IST" duration-ms="7218" status="PASS">
          <reporter-output>
          </reporter-output>
        </test-method> <!-- checkoutCart -->
        <test-method is-config="true" signature="springTestContextBeforeTestMethod(java.lang.reflect.Method)[pri:0, instance:com.example.spring.selenium.HomePageTest3@6b7906b3]" started-at="2024-11-08T17:24:03 IST" name="springTestContextBeforeTestMethod" finished-at="2024-11-08T17:24:03 IST" duration-ms="0" status="PASS">
          <params>
            <param index="0">
              <value>
                <![CDATA[public void com.example.spring.selenium.HomePageTest3.checkoutCart()]]>
              </value>
            </param>
          </params>
          <reporter-output>
          </reporter-output>
        </test-method> <!-- springTestContextBeforeTestMethod -->
        <test-method is-config="true" signature="tearDown(org.testng.ITestResult)[pri:0, instance:com.example.spring.selenium.HomePageTest3@6b7906b3]" started-at="2024-11-08T17:24:11 IST" name="tearDown" finished-at="2024-11-08T17:24:11 IST" duration-ms="1" status="PASS">
          <params>
            <param index="0">
              <value>
                <![CDATA[[TestResult name=checkoutCart status=SUCCESS method=HomePageTest3.checkoutCart()[pri:2, instance:com.example.spring.selenium.HomePageTest3@6b7906b3] output={null}]]]>
              </value>
            </param>
          </params>
          <reporter-output>
          </reporter-output>
        </test-method> <!-- tearDown -->
        <test-method is-config="true" signature="springTestContextAfterTestMethod(java.lang.reflect.Method)[pri:0, instance:com.example.spring.selenium.HomePageTest3@6b7906b3]" started-at="2024-11-08T17:24:11 IST" name="springTestContextAfterTestMethod" finished-at="2024-11-08T17:24:11 IST" duration-ms="0" status="PASS">
          <params>
            <param index="0">
              <value>
                <![CDATA[public void com.example.spring.selenium.HomePageTest3.checkoutCart()]]>
              </value>
            </param>
          </params>
          <reporter-output>
          </reporter-output>
        </test-method> <!-- springTestContextAfterTestMethod -->
        <test-method signature="completeOrder()[pri:3, instance:com.example.spring.selenium.HomePageTest3@6b7906b3]" started-at="2024-11-08T17:24:11 IST" name="completeOrder" finished-at="2024-11-08T17:24:12 IST" duration-ms="1503" status="PASS">
          <reporter-output>
          </reporter-output>
        </test-method> <!-- completeOrder -->
        <test-method is-config="true" signature="springTestContextBeforeTestMethod(java.lang.reflect.Method)[pri:0, instance:com.example.spring.selenium.HomePageTest3@6b7906b3]" started-at="2024-11-08T17:24:11 IST" name="springTestContextBeforeTestMethod" finished-at="2024-11-08T17:24:11 IST" duration-ms="0" status="PASS">
          <params>
            <param index="0">
              <value>
                <![CDATA[public void com.example.spring.selenium.HomePageTest3.completeOrder()]]>
              </value>
            </param>
          </params>
          <reporter-output>
          </reporter-output>
        </test-method> <!-- springTestContextBeforeTestMethod -->
        <test-method is-config="true" signature="tearDown(org.testng.ITestResult)[pri:0, instance:com.example.spring.selenium.HomePageTest3@6b7906b3]" started-at="2024-11-08T17:24:12 IST" name="tearDown" finished-at="2024-11-08T17:24:12 IST" duration-ms="0" status="PASS">
          <params>
            <param index="0">
              <value>
                <![CDATA[[TestResult name=completeOrder status=SUCCESS method=HomePageTest3.completeOrder()[pri:3, instance:com.example.spring.selenium.HomePageTest3@6b7906b3] output={null}]]]>
              </value>
            </param>
          </params>
          <reporter-output>
          </reporter-output>
        </test-method> <!-- tearDown -->
        <test-method is-config="true" signature="springTestContextAfterTestMethod(java.lang.reflect.Method)[pri:0, instance:com.example.spring.selenium.HomePageTest3@6b7906b3]" started-at="2024-11-08T17:24:12 IST" name="springTestContextAfterTestMethod" finished-at="2024-11-08T17:24:12 IST" duration-ms="1" status="PASS">
          <params>
            <param index="0">
              <value>
                <![CDATA[public void com.example.spring.selenium.HomePageTest3.completeOrder()]]>
              </value>
            </param>
          </params>
          <reporter-output>
          </reporter-output>
        </test-method> <!-- springTestContextAfterTestMethod -->
        <test-method is-config="true" signature="springTestContextAfterTestClass()[pri:0, instance:com.example.spring.selenium.HomePageTest3@6b7906b3]" started-at="2024-11-08T17:24:12 IST" name="springTestContextAfterTestClass" finished-at="2024-11-08T17:24:12 IST" duration-ms="0" status="PASS">
          <reporter-output>
          </reporter-output>
        </test-method> <!-- springTestContextAfterTestClass -->
        <test-method is-config="true" signature="tearDown()[pri:0, instance:com.example.spring.selenium.HomePageTest3@6b7906b3]" started-at="2024-11-08T17:24:12 IST" name="tearDown" finished-at="2024-11-08T17:24:13 IST" duration-ms="1043" status="PASS">
          <reporter-output>
          </reporter-output>
        </test-method> <!-- tearDown -->
      </class> <!-- com.example.spring.selenium.HomePageTest3 -->
    </test> <!-- HomePageTest3 -->
    <test started-at="2024-11-08T17:23:14 IST" name="HomePageTest" finished-at="2024-11-08T17:24:14 IST" duration-ms="59524">
      <class name="com.example.spring.selenium.HomePageTest">
        <test-method is-config="true" signature="springTestContextBeforeTestClass()[pri:0, instance:com.example.spring.selenium.HomePageTest@5cbe877d]" started-at="2024-11-08T17:23:14 IST" name="springTestContextBeforeTestClass" finished-at="2024-11-08T17:23:14 IST" duration-ms="6" status="PASS">
          <reporter-output>
          </reporter-output>
        </test-method> <!-- springTestContextBeforeTestClass -->
        <test-method is-config="true" signature="springTestContextPrepareTestInstance()[pri:0, instance:com.example.spring.selenium.HomePageTest@5cbe877d]" started-at="2024-11-08T17:23:14 IST" name="springTestContextPrepareTestInstance" finished-at="2024-11-08T17:23:15 IST" depends-on-methods="org.springframework.test.context.testng.AbstractTestNGSpringContextTests.springTestContextBeforeTestClass" duration-ms="1267" status="PASS">
          <reporter-output>
          </reporter-output>
        </test-method> <!-- springTestContextPrepareTestInstance -->
        <test-method is-config="true" signature="setup(org.testng.ITestContext)[pri:0, instance:com.example.spring.selenium.HomePageTest@5cbe877d]" started-at="2024-11-08T17:23:15 IST" name="setup" finished-at="2024-11-08T17:23:32 IST" duration-ms="16110" status="PASS">
          <params>
            <param index="0">
              <value>
                <![CDATA[org.testng.TestRunner@3fc08eec]]>
              </value>
            </param>
          </params>
          <reporter-output>
          </reporter-output>
        </test-method> <!-- setup -->
        <test-method is-config="true" signature="springTestContextBeforeTestMethod(java.lang.reflect.Method)[pri:0, instance:com.example.spring.selenium.HomePageTest@5cbe877d]" started-at="2024-11-08T17:23:32 IST" name="springTestContextBeforeTestMethod" finished-at="2024-11-08T17:23:32 IST" duration-ms="246" status="PASS">
          <params>
            <param index="0">
              <value>
                <![CDATA[public void com.example.spring.selenium.HomePageTest.addItems()]]>
              </value>
            </param>
          </params>
          <reporter-output>
          </reporter-output>
        </test-method> <!-- springTestContextBeforeTestMethod -->
        <test-method signature="addItems()[pri:1, instance:com.example.spring.selenium.HomePageTest@5cbe877d]" started-at="2024-11-08T17:23:32 IST" name="addItems" finished-at="2024-11-08T17:24:04 IST" duration-ms="32510" status="PASS">
          <reporter-output>
          </reporter-output>
        </test-method> <!-- addItems -->
        <test-method is-config="true" signature="tearDown(org.testng.ITestResult)[pri:0, instance:com.example.spring.selenium.HomePageTest@5cbe877d]" started-at="2024-11-08T17:24:04 IST" name="tearDown" finished-at="2024-11-08T17:24:04 IST" duration-ms="0" status="PASS">
          <params>
            <param index="0">
              <value>
                <![CDATA[[TestResult name=addItems status=SUCCESS method=HomePageTest.addItems()[pri:1, instance:com.example.spring.selenium.HomePageTest@5cbe877d] output={null}]]]>
              </value>
            </param>
          </params>
          <reporter-output>
          </reporter-output>
        </test-method> <!-- tearDown -->
        <test-method is-config="true" signature="springTestContextAfterTestMethod(java.lang.reflect.Method)[pri:0, instance:com.example.spring.selenium.HomePageTest@5cbe877d]" started-at="2024-11-08T17:24:04 IST" name="springTestContextAfterTestMethod" finished-at="2024-11-08T17:24:04 IST" duration-ms="1" status="PASS">
          <params>
            <param index="0">
              <value>
                <![CDATA[public void com.example.spring.selenium.HomePageTest.addItems()]]>
              </value>
            </param>
          </params>
          <reporter-output>
          </reporter-output>
        </test-method> <!-- springTestContextAfterTestMethod -->
        <test-method is-config="true" signature="springTestContextBeforeTestMethod(java.lang.reflect.Method)[pri:0, instance:com.example.spring.selenium.HomePageTest@5cbe877d]" started-at="2024-11-08T17:24:04 IST" name="springTestContextBeforeTestMethod" finished-at="2024-11-08T17:24:04 IST" duration-ms="1" status="PASS">
          <params>
            <param index="0">
              <value>
                <![CDATA[public void com.example.spring.selenium.HomePageTest.checkoutCart()]]>
              </value>
            </param>
          </params>
          <reporter-output>
          </reporter-output>
        </test-method> <!-- springTestContextBeforeTestMethod -->
        <test-method signature="checkoutCart()[pri:2, instance:com.example.spring.selenium.HomePageTest@5cbe877d]" started-at="2024-11-08T17:24:04 IST" name="checkoutCart" finished-at="2024-11-08T17:24:12 IST" duration-ms="7244" status="PASS">
          <reporter-output>
          </reporter-output>
        </test-method> <!-- checkoutCart -->
        <test-method is-config="true" signature="tearDown(org.testng.ITestResult)[pri:0, instance:com.example.spring.selenium.HomePageTest@5cbe877d]" started-at="2024-11-08T17:24:12 IST" name="tearDown" finished-at="2024-11-08T17:24:12 IST" duration-ms="1" status="PASS">
          <params>
            <param index="0">
              <value>
                <![CDATA[[TestResult name=checkoutCart status=SUCCESS method=HomePageTest.checkoutCart()[pri:2, instance:com.example.spring.selenium.HomePageTest@5cbe877d] output={null}]]]>
              </value>
            </param>
          </params>
          <reporter-output>
          </reporter-output>
        </test-method> <!-- tearDown -->
        <test-method is-config="true" signature="springTestContextAfterTestClass()[pri:0, instance:com.example.spring.selenium.HomePageTest@5cbe877d]" started-at="2024-11-08T17:24:12 IST" name="springTestContextAfterTestClass" finished-at="2024-11-08T17:24:12 IST" duration-ms="0" status="PASS">
          <reporter-output>
          </reporter-output>
        </test-method> <!-- springTestContextAfterTestClass -->
        <test-method is-config="true" signature="springTestContextAfterTestMethod(java.lang.reflect.Method)[pri:0, instance:com.example.spring.selenium.HomePageTest@5cbe877d]" started-at="2024-11-08T17:24:12 IST" name="springTestContextAfterTestMethod" finished-at="2024-11-08T17:24:12 IST" duration-ms="0" status="PASS">
          <params>
            <param index="0">
              <value>
                <![CDATA[public void com.example.spring.selenium.HomePageTest.checkoutCart()]]>
              </value>
            </param>
          </params>
          <reporter-output>
          </reporter-output>
        </test-method> <!-- springTestContextAfterTestMethod -->
        <test-method is-config="true" signature="tearDown()[pri:0, instance:com.example.spring.selenium.HomePageTest@5cbe877d]" started-at="2024-11-08T17:24:12 IST" name="tearDown" finished-at="2024-11-08T17:24:14 IST" duration-ms="2125" status="PASS">
          <reporter-output>
          </reporter-output>
        </test-method> <!-- tearDown -->
      </class> <!-- com.example.spring.selenium.HomePageTest -->
    </test> <!-- HomePageTest -->
  </suite> <!-- Suite -->
</testng-results>
